-------------------------------------------------------------------------------
Test set: com.redhat.fuse.boosters.configmap.HttpRequestTest
-------------------------------------------------------------------------------
Tests run: 2, Failures: 1, Errors: 0, Skipped: 0, Time elapsed: 3.901 s <<< FAILURE! - in com.redhat.fuse.boosters.configmap.HttpRequestTest
healthShouldReturnOkMessage  Time elapsed: 0.331 s  <<< FAILURE!
org.junit.ComparisonFailure: expected:<{"[status":"UP]"}> but was:<{"[timestamp":"2021-11-26T07:10:44.847+0000","status":404,"error":"Not Found","message":"","path":"/actuator/health]"}>
	at com.redhat.fuse.boosters.configmap.HttpRequestTest.healthShouldReturnOkMessage(HttpRequestTest.java:29)

