<?xml version="1.0" encoding="UTF-8"?>
<testsuite xmlns:xsi="http://www.w3.org/2001/XMLSchema-instance" xsi:noNamespaceSchemaLocation="https://maven.apache.org/surefire/maven-surefire-plugin/xsd/surefire-test-report.xsd" name="com.redhat.fuse.boosters.configmap.HttpRequestTest" time="3.901" tests="2" errors="0" skipped="0" failures="1">
  <properties>
[...]
</properties>
  <testcase name="healthShouldReturnOkMessage" classname="com.redhat.fuse.boosters.configmap.HttpRequestTest" time="0.331">
    <failure message="expected:&lt;{&quot;[status&quot;:&quot;UP]&quot;}&gt; but was:&lt;{&quot;[timestamp&quot;:&quot;2021-11-26T07:10:44.847+0000&quot;,&quot;status&quot;:404,&quot;error&quot;:&quot;Not Found&quot;,&quot;message&quot;:&quot;&quot;,&quot;path&quot;:&quot;/actuator/health]&quot;}&gt;" type="org.junit.ComparisonFailure"><![CDATA[org.junit.ComparisonFailure: expected:<{"[status":"UP]"}> but was:<{"[timestamp":"2021-11-26T07:10:44.847+0000","status":404,"error":"Not Found","message":"","path":"/actuator/health]"}>
	at com.redhat.fuse.boosters.configmap.HttpRequestTest.healthShouldReturnOkMessage(HttpRequestTest.java:29)
]]></failure>
    <system-out><![CDATA[16:10:41.033 [main] DEBUG org.springframework.test.context.junit4.SpringJUnit4ClassRunner - SpringJUnit4ClassRunner constructor called with [class com.redhat.fuse.boosters.configmap.HttpRequestTest]
16:10:41.033 [main] DEBUG org.springframework.test.context.BootstrapUtils - Instantiating CacheAwareContextLoaderDelegate from class [org.springframework.test.context.cache.DefaultCacheAwareContextLoaderDelegate]
16:10:41.033 [main] DEBUG org.springframework.test.context.BootstrapUtils - Instantiating BootstrapContext using constructor [public org.springframework.test.context.support.DefaultBootstrapContext(java.lang.Class,org.springframework.test.context.CacheAwareContextLoaderDelegate)]
16:10:41.033 [main] DEBUG org.springframework.test.context.BootstrapUtils - Instantiating TestContextBootstrapper for test class [com.redhat.fuse.boosters.configmap.HttpRequestTest] from class [org.springframework.boot.test.context.SpringBootTestContextBootstrapper]
16:10:41.034 [main] INFO org.springframework.boot.test.context.SpringBootTestContextBootstrapper - Neither @ContextConfiguration nor @ContextHierarchy found for test class [com.redhat.fuse.boosters.configmap.HttpRequestTest], using SpringBootContextLoader
16:10:41.034 [main] DEBUG org.springframework.test.context.support.AbstractContextLoader - Did not detect default resource location for test class [com.redhat.fuse.boosters.configmap.HttpRequestTest]: class path resource [com/redhat/fuse/boosters/configmap/HttpRequestTest-context.xml] does not exist
16:10:41.034 [main] DEBUG org.springframework.test.context.support.AbstractContextLoader - Did not detect default resource location for test class [com.redhat.fuse.boosters.configmap.HttpRequestTest]: class path resource [com/redhat/fuse/boosters/configmap/HttpRequestTestContext.groovy] does not exist
16:10:41.034 [main] INFO org.springframework.test.context.support.AbstractContextLoader - Could not detect default resource locations for test class [com.redhat.fuse.boosters.configmap.HttpRequestTest]: no resource found for suffixes {-context.xml, Context.groovy}.
16:10:41.035 [main] INFO org.springframework.test.context.support.AnnotationConfigContextLoaderUtils - Could not detect default configuration classes for test class [com.redhat.fuse.boosters.configmap.HttpRequestTest]: HttpRequestTest does not declare any static, non-private, non-final, nested classes annotated with @Configuration.
16:10:41.036 [main] DEBUG org.springframework.test.context.support.ActiveProfilesUtils - Could not find an 'annotation declaring class' for annotation type [org.springframework.test.context.ActiveProfiles] and class [com.redhat.fuse.boosters.configmap.HttpRequestTest]
16:10:41.036 [main] INFO org.springframework.boot.test.context.SpringBootTestContextBootstrapper - Found @SpringBootConfiguration com.redhat.fuse.boosters.configmap.Application for test class com.redhat.fuse.boosters.configmap.HttpRequestTest
16:10:41.037 [main] DEBUG org.springframework.boot.test.context.SpringBootTestContextBootstrapper - @TestExecutionListeners is not present for class [com.redhat.fuse.boosters.configmap.HttpRequestTest]: using defaults.
16:10:41.037 [main] INFO org.springframework.boot.test.context.SpringBootTestContextBootstrapper - Loaded default TestExecutionListener class names from location [META-INF/spring.factories]: [org.springframework.boot.test.mock.mockito.MockitoTestExecutionListener, org.springframework.boot.test.mock.mockito.ResetMocksTestExecutionListener, org.springframework.boot.test.autoconfigure.restdocs.RestDocsTestExecutionListener, org.springframework.boot.test.autoconfigure.web.client.MockRestServiceServerResetTestExecutionListener, org.springframework.boot.test.autoconfigure.web.servlet.MockMvcPrintOnlyOnFailureTestExecutionListener, org.springframework.boot.test.autoconfigure.web.servlet.WebDriverTestExecutionListener, org.springframework.boot.test.autoconfigure.webservices.client.MockWebServiceServerTestExecutionListener, org.springframework.test.context.web.ServletTestExecutionListener, org.springframework.test.context.support.DirtiesContextBeforeModesTestExecutionListener, org.springframework.test.context.support.DependencyInjectionTestExecutionListener, org.springframework.test.context.support.DirtiesContextTestExecutionListener, org.springframework.test.context.transaction.TransactionalTestExecutionListener, org.springframework.test.context.jdbc.SqlScriptsTestExecutionListener, org.springframework.test.context.event.EventPublishingTestExecutionListener]
16:10:41.038 [main] INFO org.springframework.boot.test.context.SpringBootTestContextBootstrapper - Using TestExecutionListeners: [org.springframework.test.context.web.ServletTestExecutionListener@4426bff1, org.springframework.test.context.support.DirtiesContextBeforeModesTestExecutionListener@3c7c886c, org.springframework.boot.test.mock.mockito.MockitoTestExecutionListener@55493582, org.springframework.boot.test.autoconfigure.SpringBootDependencyInjectionTestExecutionListener@1a20270e, org.springframework.test.context.support.DirtiesContextTestExecutionListener@6b88ca8c, org.springframework.test.context.transaction.TransactionalTestExecutionListener@336f1079, org.springframework.test.context.jdbc.SqlScriptsTestExecutionListener@2f16c6b3, org.springframework.test.context.event.EventPublishingTestExecutionListener@34158c08, org.springframework.boot.test.mock.mockito.ResetMocksTestExecutionListener@19e4fcac, org.springframework.boot.test.autoconfigure.restdocs.RestDocsTestExecutionListener@52c3cb31, org.springframework.boot.test.autoconfigure.web.client.MockRestServiceServerResetTestExecutionListener@4b79ac84, org.springframework.boot.test.autoconfigure.web.servlet.MockMvcPrintOnlyOnFailureTestExecutionListener@53941c2f, org.springframework.boot.test.autoconfigure.web.servlet.WebDriverTestExecutionListener@6dab9b6d, org.springframework.boot.test.autoconfigure.webservices.client.MockWebServiceServerTestExecutionListener@21fd5faa]
16:10:41.038 [main] DEBUG org.springframework.test.annotation.ProfileValueUtils - Retrieved @ProfileValueSourceConfiguration [null] for test class [com.redhat.fuse.boosters.configmap.HttpRequestTest]
16:10:41.038 [main] DEBUG org.springframework.test.annotation.ProfileValueUtils - Retrieved ProfileValueSource type [class org.springframework.test.annotation.SystemProfileValueSource] for class [com.redhat.fuse.boosters.configmap.HttpRequestTest]
16:10:41.038 [main] DEBUG org.springframework.test.annotation.ProfileValueUtils - Retrieved @ProfileValueSourceConfiguration [null] for test class [com.redhat.fuse.boosters.configmap.HttpRequestTest]
16:10:41.038 [main] DEBUG org.springframework.test.annotation.ProfileValueUtils - Retrieved ProfileValueSource type [class org.springframework.test.annotation.SystemProfileValueSource] for class [com.redhat.fuse.boosters.configmap.HttpRequestTest]
16:10:41.038 [main] DEBUG org.springframework.test.annotation.ProfileValueUtils - Retrieved @ProfileValueSourceConfiguration [null] for test class [com.redhat.fuse.boosters.configmap.HttpRequestTest]
16:10:41.038 [main] DEBUG org.springframework.test.annotation.ProfileValueUtils - Retrieved ProfileValueSource type [class org.springframework.test.annotation.SystemProfileValueSource] for class [com.redhat.fuse.boosters.configmap.HttpRequestTest]
16:10:41.069 [main] DEBUG org.springframework.test.annotation.ProfileValueUtils - Retrieved @ProfileValueSourceConfiguration [null] for test class [com.redhat.fuse.boosters.configmap.HttpRequestTest]
16:10:41.069 [main] DEBUG org.springframework.test.annotation.ProfileValueUtils - Retrieved ProfileValueSource type [class org.springframework.test.annotation.SystemProfileValueSource] for class [com.redhat.fuse.boosters.configmap.HttpRequestTest]
16:10:41.070 [main] DEBUG org.springframework.test.annotation.ProfileValueUtils - Retrieved @ProfileValueSourceConfiguration [null] for test class [com.redhat.fuse.boosters.configmap.HttpRequestTest]
16:10:41.070 [main] DEBUG org.springframework.test.annotation.ProfileValueUtils - Retrieved ProfileValueSource type [class org.springframework.test.annotation.SystemProfileValueSource] for class [com.redhat.fuse.boosters.configmap.HttpRequestTest]
16:10:41.071 [main] DEBUG org.springframework.test.annotation.ProfileValueUtils - Retrieved @ProfileValueSourceConfiguration [null] for test class [com.redhat.fuse.boosters.configmap.HttpRequestTest]
16:10:41.071 [main] DEBUG org.springframework.test.annotation.ProfileValueUtils - Retrieved ProfileValueSource type [class org.springframework.test.annotation.SystemProfileValueSource] for class [com.redhat.fuse.boosters.configmap.HttpRequestTest]
16:10:41.074 [main] DEBUG org.springframework.test.context.support.AbstractDirtiesContextTestExecutionListener - Before test class: context [DefaultTestContext@62e20a76 testClass = HttpRequestTest, testInstance = [null], testMethod = [null], testException = [null], mergedContextConfiguration = [WebMergedContextConfiguration@2cc44ad testClass = HttpRequestTest, locations = '{}', classes = '{class com.redhat.fuse.boosters.configmap.Application}', contextInitializerClasses = '[]', activeProfiles = '{}', propertySourceLocations = '{}', propertySourceProperties = '{org.springframework.boot.test.context.SpringBootTestContextBootstrapper=true, server.port=0}', contextCustomizers = set[org.springframework.boot.test.context.filter.ExcludeFilterContextCustomizer@71def8f8, org.springframework.boot.test.json.DuplicateJsonObjectContextCustomizerFactory$DuplicateJsonObjectContextCustomizer@53fdffa1, org.springframework.boot.test.mock.mockito.MockitoContextCustomizer@0, org.springframework.boot.test.web.client.TestRestTemplateContextCustomizer@7e7be63f, org.springframework.boot.test.autoconfigure.properties.PropertyMappingContextCustomizer@0, org.springframework.boot.test.autoconfigure.web.servlet.WebDriverContextCustomizerFactory$Customizer@37d4349f, org.springframework.boot.test.context.SpringBootTestArgs@1], resourceBasePath = 'src/main/webapp', contextLoader = 'org.springframework.boot.test.context.SpringBootContextLoader', parent = [null]], attributes = map['org.springframework.test.context.web.ServletTestExecutionListener.activateListener' -> false]], class annotated with @DirtiesContext [false] with mode [null].
16:10:41.075 [main] DEBUG org.springframework.test.annotation.ProfileValueUtils - Retrieved @ProfileValueSourceConfiguration [null] for test class [com.redhat.fuse.boosters.configmap.HttpRequestTest]
16:10:41.075 [main] DEBUG org.springframework.test.annotation.ProfileValueUtils - Retrieved ProfileValueSource type [class org.springframework.test.annotation.SystemProfileValueSource] for class [com.redhat.fuse.boosters.configmap.HttpRequestTest]
16:10:41.078 [main] DEBUG org.springframework.test.context.support.DependencyInjectionTestExecutionListener - Performing dependency injection for test context [[DefaultTestContext@62e20a76 testClass = HttpRequestTest, testInstance = com.redhat.fuse.boosters.configmap.HttpRequestTest@56113384, testMethod = [null], testException = [null], mergedContextConfiguration = [WebMergedContextConfiguration@2cc44ad testClass = HttpRequestTest, locations = '{}', classes = '{class com.redhat.fuse.boosters.configmap.Application}', contextInitializerClasses = '[]', activeProfiles = '{}', propertySourceLocations = '{}', propertySourceProperties = '{org.springframework.boot.test.context.SpringBootTestContextBootstrapper=true, server.port=0}', contextCustomizers = set[org.springframework.boot.test.context.filter.ExcludeFilterContextCustomizer@71def8f8, org.springframework.boot.test.json.DuplicateJsonObjectContextCustomizerFactory$DuplicateJsonObjectContextCustomizer@53fdffa1, org.springframework.boot.test.mock.mockito.MockitoContextCustomizer@0, org.springframework.boot.test.web.client.TestRestTemplateContextCustomizer@7e7be63f, org.springframework.boot.test.autoconfigure.properties.PropertyMappingContextCustomizer@0, org.springframework.boot.test.autoconfigure.web.servlet.WebDriverContextCustomizerFactory$Customizer@37d4349f, org.springframework.boot.test.context.SpringBootTestArgs@1], resourceBasePath = 'src/main/webapp', contextLoader = 'org.springframework.boot.test.context.SpringBootContextLoader', parent = [null]], attributes = map['org.springframework.test.context.web.ServletTestExecutionListener.activateListener' -> false]]].
16:10:41.092 [main] DEBUG org.springframework.test.context.support.TestPropertySourceUtils - Adding inlined properties to environment: {spring.jmx.enabled=false, org.springframework.boot.test.context.SpringBootTestContextBootstrapper=true, server.port=0}
2021-11-26 16:10:41.610  INFO 864 --- [           main] trationDelegate$BeanPostProcessorChecker : Bean 'org.springframework.cloud.autoconfigure.ConfigurationPropertiesRebinderAutoConfiguration' of type [org.springframework.cloud.autoconfigure.ConfigurationPropertiesRebinderAutoConfiguration$$EnhancerBySpringCGLIB$$c2882c9b] is not eligible for getting processed by all BeanPostProcessors (for example: not eligible for auto-proxying)
2021-11-26 16:10:41.645  WARN 864 --- [           main] io.fabric8.kubernetes.client.Config      : Error reading service account token from: [/var/run/secrets/kubernetes.io/serviceaccount/token]. Ignoring.
2021-11-26 16:10:41.646  WARN 864 --- [           main] io.fabric8.kubernetes.client.Config      : Error reading service account token from: [/var/run/secrets/kubernetes.io/serviceaccount/token]. Ignoring.
2021-11-26 16:10:41.647  WARN 864 --- [           main] o.s.c.k.KubernetesAutoConfiguration      : No namespace has been detected. Please specify KUBERNETES_NAMESPACE env var, or use a later kubernetes version (1.3 or later)

  .   ____          _            __ _ _
 /\\ / ___'_ __ _ _(_)_ __  __ _ \ \ \ \
( ( )\___ | '_ | '_| | '_ \/ _` | \ \ \ \
 \\/  ___)| |_)| | | | | || (_| |  ) ) ) )
  '  |____| .__|_| |_|_| |_\__, | / / / /
 =========|_|==============|___/=/_/_/_/
 :: Spring Boot ::        (v2.3.4.RELEASE)

2021-11-26 16:10:41.779  WARN 864 --- [           main] o.s.c.k.config.ConfigMapPropertySource   : Can't read configMap with name: [fuse-configmap-booster] in namespace:[null]. Ignoring
2021-11-26 16:10:41.782  INFO 864 --- [           main] b.c.PropertySourceBootstrapConfiguration : Located property source: CompositePropertySource {name='composite-configmap', propertySources=[ConfigMapPropertySource {name='configmap.fuse-configmap-booster.null'}]}
2021-11-26 16:10:41.783  INFO 864 --- [           main] b.c.PropertySourceBootstrapConfiguration : Located property source: SecretsPropertySource {name='secrets.fuse-configmap-booster.null'}
2021-11-26 16:10:41.786  WARN 864 --- [           main] ory$DuplicateJsonObjectContextCustomizer : 

Found multiple occurrences of org.json.JSONObject on the class path:

	jar:file:/C:/Users/aandb/.m2/repository/com/vaadin/external/google/android-json/0.0.20131108.vaadin1/android-json-0.0.20131108.vaadin1.jar!/org/json/JSONObject.class
	jar:file:/C:/Users/aandb/.m2/repository/org/json/json/20171018/json-20171018.jar!/org/json/JSONObject.class

You may wish to exclude one of them to ensure predictable runtime behavior

2021-11-26 16:10:41.790  INFO 864 --- [           main] c.r.f.b.configmap.HttpRequestTest        : No active profile set, falling back to default profiles: default
2021-11-26 16:10:42.427  INFO 864 --- [           main] o.s.cloud.context.scope.GenericScope     : BeanFactory id=8675e506-749e-3e2b-823a-d57593336631
2021-11-26 16:10:42.590  INFO 864 --- [           main] o.a.c.i.converter.DefaultTypeConverter   : Type converters loaded (core: 195, classpath: 10)
2021-11-26 16:10:42.661  INFO 864 --- [           main] trationDelegate$BeanPostProcessorChecker : Bean 'org.springframework.cloud.autoconfigure.ConfigurationPropertiesRebinderAutoConfiguration' of type [org.springframework.cloud.autoconfigure.ConfigurationPropertiesRebinderAutoConfiguration$$EnhancerBySpringCGLIB$$c2882c9b] is not eligible for getting processed by all BeanPostProcessors (for example: not eligible for auto-proxying)
2021-11-26 16:10:42.894  WARN 864 --- [           main] io.undertow.websockets.jsr               : UT026010: Buffer pool was not set on WebSocketDeploymentInfo, the default pool will be used
2021-11-26 16:10:42.913  INFO 864 --- [           main] io.undertow.servlet                      : Initializing Spring embedded WebApplicationContext
2021-11-26 16:10:42.913  INFO 864 --- [           main] w.s.c.ServletWebServerApplicationContext : Root WebApplicationContext: initialization completed in 1119 ms
2021-11-26 16:10:43.225  INFO 864 --- [           main] o.s.b.a.e.web.ServletEndpointRegistrar   : Registered '/actuator/jolokia' to jolokia-actuator-endpoint
2021-11-26 16:10:43.227  INFO 864 --- [           main] io.hawt.HawtioContextListener            : Initialising hawtio services
2021-11-26 16:10:43.260  INFO 864 --- [           main] io.hawt.system.ConfigManager             : Configuration will be discovered via system properties
2021-11-26 16:10:43.261  INFO 864 --- [           main] io.hawt.jmx.JmxTreeWatcher               : Welcome to hawtio 2.0.0.fuse-sb2-780022-redhat-00001
2021-11-26 16:10:43.451  INFO 864 --- [           main] o.s.s.concurrent.ThreadPoolTaskExecutor  : Initializing ExecutorService 'applicationTaskExecutor'
2021-11-26 16:10:44.074  WARN 864 --- [default.svc/...] i.f.k.c.d.i.WatchConnectionManager       : Exec Failure

java.net.UnknownHostException: kubernetes.default.svc
	at java.base/java.net.InetAddress$CachedAddresses.get(InetAddress.java:801) ~[na:na]
	at java.base/java.net.InetAddress.getAllByName0(InetAddress.java:1509) ~[na:na]
	at java.base/java.net.InetAddress.getAllByName(InetAddress.java:1367) ~[na:na]
	at java.base/java.net.InetAddress.getAllByName(InetAddress.java:1301) ~[na:na]
	at okhttp3.Dns.lambda$static$0(Dns.java:39) ~[okhttp-3.14.9.jar:na]
	at okhttp3.internal.connection.RouteSelector.resetNextInetSocketAddress(RouteSelector.java:171) ~[okhttp-3.14.9.jar:na]
	at okhttp3.internal.connection.RouteSelector.nextProxy(RouteSelector.java:135) ~[okhttp-3.14.9.jar:na]
	at okhttp3.internal.connection.RouteSelector.next(RouteSelector.java:84) ~[okhttp-3.14.9.jar:na]
	at okhttp3.internal.connection.ExchangeFinder.findConnection(ExchangeFinder.java:187) ~[okhttp-3.14.9.jar:na]
	at okhttp3.internal.connection.ExchangeFinder.findHealthyConnection(ExchangeFinder.java:108) ~[okhttp-3.14.9.jar:na]
	at okhttp3.internal.connection.ExchangeFinder.find(ExchangeFinder.java:88) ~[okhttp-3.14.9.jar:na]
	at okhttp3.internal.connection.Transmitter.newExchange(Transmitter.java:169) ~[okhttp-3.14.9.jar:na]
	at okhttp3.internal.connection.ConnectInterceptor.intercept(ConnectInterceptor.java:41) ~[okhttp-3.14.9.jar:na]
	at okhttp3.internal.http.RealInterceptorChain.proceed(RealInterceptorChain.java:142) ~[okhttp-3.14.9.jar:na]
	at okhttp3.internal.http.RealInterceptorChain.proceed(RealInterceptorChain.java:117) ~[okhttp-3.14.9.jar:na]
	at okhttp3.internal.cache.CacheInterceptor.intercept(CacheInterceptor.java:94) ~[okhttp-3.14.9.jar:na]
	at okhttp3.internal.http.RealInterceptorChain.proceed(RealInterceptorChain.java:142) ~[okhttp-3.14.9.jar:na]
	at okhttp3.internal.http.RealInterceptorChain.proceed(RealInterceptorChain.java:117) ~[okhttp-3.14.9.jar:na]
	at okhttp3.internal.http.BridgeInterceptor.intercept(BridgeInterceptor.java:93) ~[okhttp-3.14.9.jar:na]
	at okhttp3.internal.http.RealInterceptorChain.proceed(RealInterceptorChain.java:142) ~[okhttp-3.14.9.jar:na]
	at okhttp3.internal.http.RetryAndFollowUpInterceptor.intercept(RetryAndFollowUpInterceptor.java:88) ~[okhttp-3.14.9.jar:na]
	at okhttp3.internal.http.RealInterceptorChain.proceed(RealInterceptorChain.java:142) ~[okhttp-3.14.9.jar:na]
	at okhttp3.internal.http.RealInterceptorChain.proceed(RealInterceptorChain.java:117) ~[okhttp-3.14.9.jar:na]
	at io.fabric8.kubernetes.client.utils.BackwardsCompatibilityInterceptor.intercept(BackwardsCompatibilityInterceptor.java:119) ~[kubernetes-client-4.6.2.fuse-780004-redhat-00001.jar:na]
	at okhttp3.internal.http.RealInterceptorChain.proceed(RealInterceptorChain.java:142) ~[okhttp-3.14.9.jar:na]
	at okhttp3.internal.http.RealInterceptorChain.proceed(RealInterceptorChain.java:117) ~[okhttp-3.14.9.jar:na]
	at io.fabric8.kubernetes.client.utils.ImpersonatorInterceptor.intercept(ImpersonatorInterceptor.java:68) ~[kubernetes-client-4.6.2.fuse-780004-redhat-00001.jar:na]
	at okhttp3.internal.http.RealInterceptorChain.proceed(RealInterceptorChain.java:142) ~[okhttp-3.14.9.jar:na]
	at okhttp3.internal.http.RealInterceptorChain.proceed(RealInterceptorChain.java:117) ~[okhttp-3.14.9.jar:na]
	at io.fabric8.kubernetes.client.utils.HttpClientUtils.lambda$createHttpClient$3(HttpClientUtils.java:113) ~[kubernetes-client-4.6.2.fuse-780004-redhat-00001.jar:na]
	at okhttp3.internal.http.RealInterceptorChain.proceed(RealInterceptorChain.java:142) ~[okhttp-3.14.9.jar:na]
	at okhttp3.internal.http.RealInterceptorChain.proceed(RealInterceptorChain.java:117) ~[okhttp-3.14.9.jar:na]
	at okhttp3.RealCall.getResponseWithInterceptorChain(RealCall.java:229) ~[okhttp-3.14.9.jar:na]
	at okhttp3.RealCall$AsyncCall.execute(RealCall.java:172) ~[okhttp-3.14.9.jar:na]
	at okhttp3.internal.NamedRunnable.run(NamedRunnable.java:32) ~[okhttp-3.14.9.jar:na]
	at java.base/java.util.concurrent.ThreadPoolExecutor.runWorker(ThreadPoolExecutor.java:1136) ~[na:na]
	at java.base/java.util.concurrent.ThreadPoolExecutor$Worker.run(ThreadPoolExecutor.java:635) ~[na:na]
	at java.base/java.lang.Thread.run(Thread.java:833) ~[na:na]

2021-11-26 16:10:44.076 ERROR 864 --- [           main] .r.EventBasedConfigurationChangeDetector : Error while establishing a connection to watch config maps: configuration may remain stale

io.fabric8.kubernetes.client.KubernetesClientException: Failed to start websocket
	at io.fabric8.kubernetes.client.dsl.internal.WatchConnectionManager$1.onFailure(WatchConnectionManager.java:213) ~[kubernetes-client-4.6.2.fuse-780004-redhat-00001.jar:na]
	at okhttp3.internal.ws.RealWebSocket.failWebSocket(RealWebSocket.java:570) ~[okhttp-3.14.9.jar:na]
	at okhttp3.internal.ws.RealWebSocket$1.onFailure(RealWebSocket.java:216) ~[okhttp-3.14.9.jar:na]
	at okhttp3.RealCall$AsyncCall.execute(RealCall.java:180) ~[okhttp-3.14.9.jar:na]
	at okhttp3.internal.NamedRunnable.run(NamedRunnable.java:32) ~[okhttp-3.14.9.jar:na]
	at java.base/java.util.concurrent.ThreadPoolExecutor.runWorker(ThreadPoolExecutor.java:1136) ~[na:na]
	at java.base/java.util.concurrent.ThreadPoolExecutor$Worker.run(ThreadPoolExecutor.java:635) ~[na:na]
	at java.base/java.lang.Thread.run(Thread.java:833) ~[na:na]
	Suppressed: java.lang.Throwable: waiting here
		at io.fabric8.kubernetes.client.utils.Utils.waitUntilReady(Utils.java:135) ~[kubernetes-client-4.6.2.fuse-780004-redhat-00001.jar:na]
		at io.fabric8.kubernetes.client.dsl.internal.WatchConnectionManager.waitUntilReady(WatchConnectionManager.java:351) ~[kubernetes-client-4.6.2.fuse-780004-redhat-00001.jar:na]
		at io.fabric8.kubernetes.client.dsl.base.BaseOperation.watch(BaseOperation.java:759) ~[kubernetes-client-4.6.2.fuse-780004-redhat-00001.jar:na]
		at io.fabric8.kubernetes.client.dsl.base.BaseOperation.watch(BaseOperation.java:738) ~[kubernetes-client-4.6.2.fuse-780004-redhat-00001.jar:na]
		at io.fabric8.kubernetes.client.dsl.base.BaseOperation.watch(BaseOperation.java:69) ~[kubernetes-client-4.6.2.fuse-780004-redhat-00001.jar:na]
		at org.springframework.cloud.kubernetes.config.reload.EventBasedConfigurationChangeDetector.watch(EventBasedConfigurationChangeDetector.java:73) ~[spring-cloud-kubernetes-config-1.0.4.RELEASE.jar:1.0.4.RELEASE]
		at java.base/jdk.internal.reflect.NativeMethodAccessorImpl.invoke0(Native Method) ~[na:na]
		at java.base/jdk.internal.reflect.NativeMethodAccessorImpl.invoke(NativeMethodAccessorImpl.java:77) ~[na:na]
		at java.base/jdk.internal.reflect.DelegatingMethodAccessorImpl.invoke(DelegatingMethodAccessorImpl.java:43) ~[na:na]
		at java.base/java.lang.reflect.Method.invoke(Method.java:568) ~[na:na]
		at org.springframework.beans.factory.annotation.InitDestroyAnnotationBeanPostProcessor$LifecycleElement.invoke(InitDestroyAnnotationBeanPostProcessor.java:389) ~[spring-beans-5.2.9.RELEASE.jar:5.2.9.RELEASE]
		at org.springframework.beans.factory.annotation.InitDestroyAnnotationBeanPostProcessor$LifecycleMetadata.invokeInitMethods(InitDestroyAnnotationBeanPostProcessor.java:333) ~[spring-beans-5.2.9.RELEASE.jar:5.2.9.RELEASE]
		at org.springframework.beans.factory.annotation.InitDestroyAnnotationBeanPostProcessor.postProcessBeforeInitialization(InitDestroyAnnotationBeanPostProcessor.java:157) ~[spring-beans-5.2.9.RELEASE.jar:5.2.9.RELEASE]
		at org.springframework.beans.factory.support.AbstractAutowireCapableBeanFactory.applyBeanPostProcessorsBeforeInitialization(AbstractAutowireCapableBeanFactory.java:415) ~[spring-beans-5.2.9.RELEASE.jar:5.2.9.RELEASE]
		at org.springframework.beans.factory.support.AbstractAutowireCapableBeanFactory.initializeBean(AbstractAutowireCapableBeanFactory.java:1786) ~[spring-beans-5.2.9.RELEASE.jar:5.2.9.RELEASE]
		at org.springframework.beans.factory.support.AbstractAutowireCapableBeanFactory.doCreateBean(AbstractAutowireCapableBeanFactory.java:594) ~[spring-beans-5.2.9.RELEASE.jar:5.2.9.RELEASE]
		at org.springframework.beans.factory.support.AbstractAutowireCapableBeanFactory.createBean(AbstractAutowireCapableBeanFactory.java:516) ~[spring-beans-5.2.9.RELEASE.jar:5.2.9.RELEASE]
		at org.springframework.beans.factory.support.AbstractBeanFactory.lambda$doGetBean$0(AbstractBeanFactory.java:324) ~[spring-beans-5.2.9.RELEASE.jar:5.2.9.RELEASE]
		at org.springframework.beans.factory.support.DefaultSingletonBeanRegistry.getSingleton(DefaultSingletonBeanRegistry.java:234) ~[spring-beans-5.2.9.RELEASE.jar:5.2.9.RELEASE]
		at org.springframework.beans.factory.support.AbstractBeanFactory.doGetBean(AbstractBeanFactory.java:322) ~[spring-beans-5.2.9.RELEASE.jar:5.2.9.RELEASE]
		at org.springframework.beans.factory.support.AbstractBeanFactory.getBean(AbstractBeanFactory.java:202) ~[spring-beans-5.2.9.RELEASE.jar:5.2.9.RELEASE]
		at org.springframework.beans.factory.support.DefaultListableBeanFactory.preInstantiateSingletons(DefaultListableBeanFactory.java:897) ~[spring-beans-5.2.9.RELEASE.jar:5.2.9.RELEASE]
		at org.springframework.context.support.AbstractApplicationContext.finishBeanFactoryInitialization(AbstractApplicationContext.java:879) ~[spring-context-5.2.9.RELEASE.jar:5.2.9.RELEASE]
		at org.springframework.context.support.AbstractApplicationContext.refresh(AbstractApplicationContext.java:551) ~[spring-context-5.2.9.RELEASE.jar:5.2.9.RELEASE]
		at org.springframework.boot.web.servlet.context.ServletWebServerApplicationContext.refresh(ServletWebServerApplicationContext.java:143) ~[spring-boot-2.3.4.RELEASE.jar:2.3.4.RELEASE]
		at org.springframework.boot.SpringApplication.refresh(SpringApplication.java:758) ~[spring-boot-2.3.4.RELEASE.jar:2.3.4.RELEASE]
		at org.springframework.boot.SpringApplication.refresh(SpringApplication.java:750) ~[spring-boot-2.3.4.RELEASE.jar:2.3.4.RELEASE]
		at org.springframework.boot.SpringApplication.refreshContext(SpringApplication.java:397) ~[spring-boot-2.3.4.RELEASE.jar:2.3.4.RELEASE]
		at org.springframework.boot.SpringApplication.run(SpringApplication.java:315) ~[spring-boot-2.3.4.RELEASE.jar:2.3.4.RELEASE]
		at org.springframework.boot.test.context.SpringBootContextLoader.loadContext(SpringBootContextLoader.java:120) ~[spring-boot-test-2.3.4.RELEASE.jar:2.3.4.RELEASE]
		at org.springframework.test.context.cache.DefaultCacheAwareContextLoaderDelegate.loadContextInternal(DefaultCacheAwareContextLoaderDelegate.java:99) ~[spring-test-5.2.9.RELEASE.jar:5.2.9.RELEASE]
		at org.springframework.test.context.cache.DefaultCacheAwareContextLoaderDelegate.loadContext(DefaultCacheAwareContextLoaderDelegate.java:124) ~[spring-test-5.2.9.RELEASE.jar:5.2.9.RELEASE]
		at org.springframework.test.context.support.DefaultTestContext.getApplicationContext(DefaultTestContext.java:123) ~[spring-test-5.2.9.RELEASE.jar:5.2.9.RELEASE]
		at org.springframework.test.context.support.DependencyInjectionTestExecutionListener.injectDependencies(DependencyInjectionTestExecutionListener.java:118) ~[spring-test-5.2.9.RELEASE.jar:5.2.9.RELEASE]
		at org.springframework.test.context.support.DependencyInjectionTestExecutionListener.prepareTestInstance(DependencyInjectionTestExecutionListener.java:83) ~[spring-test-5.2.9.RELEASE.jar:5.2.9.RELEASE]
		at org.springframework.boot.test.autoconfigure.SpringBootDependencyInjectionTestExecutionListener.prepareTestInstance(SpringBootDependencyInjectionTestExecutionListener.java:43) ~[spring-boot-test-autoconfigure-2.3.4.RELEASE.jar:2.3.4.RELEASE]
		at org.springframework.test.context.TestContextManager.prepareTestInstance(TestContextManager.java:244) ~[spring-test-5.2.9.RELEASE.jar:5.2.9.RELEASE]
		at org.springframework.test.context.junit4.SpringJUnit4ClassRunner.createTest(SpringJUnit4ClassRunner.java:227) ~[spring-test-5.2.9.RELEASE.jar:5.2.9.RELEASE]
		at org.springframework.test.context.junit4.SpringJUnit4ClassRunner$1.runReflectiveCall(SpringJUnit4ClassRunner.java:289) ~[spring-test-5.2.9.RELEASE.jar:5.2.9.RELEASE]
		at org.junit.internal.runners.model.ReflectiveCallable.run(ReflectiveCallable.java:12) ~[junit-4.13.jar:4.13]
		at org.springframework.test.context.junit4.SpringJUnit4ClassRunner.methodBlock(SpringJUnit4ClassRunner.java:291) ~[spring-test-5.2.9.RELEASE.jar:5.2.9.RELEASE]
		at org.springframework.test.context.junit4.SpringJUnit4ClassRunner.runChild(SpringJUnit4ClassRunner.java:246) ~[spring-test-5.2.9.RELEASE.jar:5.2.9.RELEASE]
		at org.springframework.test.context.junit4.SpringJUnit4ClassRunner.runChild(SpringJUnit4ClassRunner.java:97) ~[spring-test-5.2.9.RELEASE.jar:5.2.9.RELEASE]
		at org.junit.runners.ParentRunner$4.run(ParentRunner.java:331) ~[junit-4.13.jar:4.13]
		at org.junit.runners.ParentRunner$1.schedule(ParentRunner.java:79) ~[junit-4.13.jar:4.13]
		at org.junit.runners.ParentRunner.runChildren(ParentRunner.java:329) ~[junit-4.13.jar:4.13]
		at org.junit.runners.ParentRunner.access$100(ParentRunner.java:66) ~[junit-4.13.jar:4.13]
		at org.junit.runners.ParentRunner$2.evaluate(ParentRunner.java:293) ~[junit-4.13.jar:4.13]
		at org.springframework.test.context.junit4.statements.RunBeforeTestClassCallbacks.evaluate(RunBeforeTestClassCallbacks.java:61) ~[spring-test-5.2.9.RELEASE.jar:5.2.9.RELEASE]
		at org.springframework.test.context.junit4.statements.RunAfterTestClassCallbacks.evaluate(RunAfterTestClassCallbacks.java:70) ~[spring-test-5.2.9.RELEASE.jar:5.2.9.RELEASE]
		at org.junit.runners.ParentRunner$3.evaluate(ParentRunner.java:306) ~[junit-4.13.jar:4.13]
		at org.junit.runners.ParentRunner.run(ParentRunner.java:413) ~[junit-4.13.jar:4.13]
		at org.springframework.test.context.junit4.SpringJUnit4ClassRunner.run(SpringJUnit4ClassRunner.java:190) ~[spring-test-5.2.9.RELEASE.jar:5.2.9.RELEASE]
		at org.junit.runner.JUnitCore.run(JUnitCore.java:137) ~[junit-4.13.jar:4.13]
		at org.junit.runner.JUnitCore.run(JUnitCore.java:115) ~[junit-4.13.jar:4.13]
		at org.junit.vintage.engine.execution.RunnerExecutor.execute(RunnerExecutor.java:43) ~[junit-vintage-engine-5.6.2.jar:5.6.2]
		at java.base/java.util.stream.ForEachOps$ForEachOp$OfRef.accept(ForEachOps.java:183) ~[na:na]
		at java.base/java.util.stream.ReferencePipeline$3$1.accept(ReferencePipeline.java:197) ~[na:na]
		at java.base/java.util.Iterator.forEachRemaining(Iterator.java:133) ~[na:na]
		at java.base/java.util.Spliterators$IteratorSpliterator.forEachRemaining(Spliterators.java:1845) ~[na:na]
		at java.base/java.util.stream.AbstractPipeline.copyInto(AbstractPipeline.java:509) ~[na:na]
		at java.base/java.util.stream.AbstractPipeline.wrapAndCopyInto(AbstractPipeline.java:499) ~[na:na]
		at java.base/java.util.stream.ForEachOps$ForEachOp.evaluateSequential(ForEachOps.java:150) ~[na:na]
		at java.base/java.util.stream.ForEachOps$ForEachOp$OfRef.evaluateSequential(ForEachOps.java:173) ~[na:na]
		at java.base/java.util.stream.AbstractPipeline.evaluate(AbstractPipeline.java:234) ~[na:na]
		at java.base/java.util.stream.ReferencePipeline.forEach(ReferencePipeline.java:596) ~[na:na]
		at org.junit.vintage.engine.VintageTestEngine.executeAllChildren(VintageTestEngine.java:82) ~[junit-vintage-engine-5.6.2.jar:5.6.2]
		at org.junit.vintage.engine.VintageTestEngine.execute(VintageTestEngine.java:73) ~[junit-vintage-engine-5.6.2.jar:5.6.2]
		at org.junit.platform.launcher.core.DefaultLauncher.execute(DefaultLauncher.java:170) ~[junit-platform-launcher-1.2.0.jar:1.2.0]
		at org.junit.platform.launcher.core.DefaultLauncher.execute(DefaultLauncher.java:154) ~[junit-platform-launcher-1.2.0.jar:1.2.0]
		at org.junit.platform.launcher.core.DefaultLauncher.execute(DefaultLauncher.java:90) ~[junit-platform-launcher-1.2.0.jar:1.2.0]
		at org.apache.maven.surefire.junitplatform.JUnitPlatformProvider.invokeAllTests(JUnitPlatformProvider.java:142) ~[surefire-junit-platform-2.22.0.jar:2.22.0]
		at org.apache.maven.surefire.junitplatform.JUnitPlatformProvider.invoke(JUnitPlatformProvider.java:117) ~[surefire-junit-platform-2.22.0.jar:2.22.0]
		at org.apache.maven.surefire.booter.ForkedBooter.invokeProviderInSameClassLoader(ForkedBooter.java:383) ~[surefire-booter-2.22.0.jar:2.22.0]
		at org.apache.maven.surefire.booter.ForkedBooter.runSuitesInProcess(ForkedBooter.java:344) ~[surefire-booter-2.22.0.jar:2.22.0]
		at org.apache.maven.surefire.booter.ForkedBooter.execute(ForkedBooter.java:125) ~[surefire-booter-2.22.0.jar:2.22.0]
		at org.apache.maven.surefire.booter.ForkedBooter.main(ForkedBooter.java:417) ~[surefire-booter-2.22.0.jar:2.22.0]
Caused by: java.net.UnknownHostException: kubernetes.default.svc
	at java.base/java.net.InetAddress$CachedAddresses.get(InetAddress.java:801) ~[na:na]
	at java.base/java.net.InetAddress.getAllByName0(InetAddress.java:1509) ~[na:na]
	at java.base/java.net.InetAddress.getAllByName(InetAddress.java:1367) ~[na:na]
	at java.base/java.net.InetAddress.getAllByName(InetAddress.java:1301) ~[na:na]
	at okhttp3.Dns.lambda$static$0(Dns.java:39) ~[okhttp-3.14.9.jar:na]
	at okhttp3.internal.connection.RouteSelector.resetNextInetSocketAddress(RouteSelector.java:171) ~[okhttp-3.14.9.jar:na]
	at okhttp3.internal.connection.RouteSelector.nextProxy(RouteSelector.java:135) ~[okhttp-3.14.9.jar:na]
	at okhttp3.internal.connection.RouteSelector.next(RouteSelector.java:84) ~[okhttp-3.14.9.jar:na]
	at okhttp3.internal.connection.ExchangeFinder.findConnection(ExchangeFinder.java:187) ~[okhttp-3.14.9.jar:na]
	at okhttp3.internal.connection.ExchangeFinder.findHealthyConnection(ExchangeFinder.java:108) ~[okhttp-3.14.9.jar:na]
	at okhttp3.internal.connection.ExchangeFinder.find(ExchangeFinder.java:88) ~[okhttp-3.14.9.jar:na]
	at okhttp3.internal.connection.Transmitter.newExchange(Transmitter.java:169) ~[okhttp-3.14.9.jar:na]
	at okhttp3.internal.connection.ConnectInterceptor.intercept(ConnectInterceptor.java:41) ~[okhttp-3.14.9.jar:na]
	at okhttp3.internal.http.RealInterceptorChain.proceed(RealInterceptorChain.java:142) ~[okhttp-3.14.9.jar:na]
	at okhttp3.internal.http.RealInterceptorChain.proceed(RealInterceptorChain.java:117) ~[okhttp-3.14.9.jar:na]
	at okhttp3.internal.cache.CacheInterceptor.intercept(CacheInterceptor.java:94) ~[okhttp-3.14.9.jar:na]
	at okhttp3.internal.http.RealInterceptorChain.proceed(RealInterceptorChain.java:142) ~[okhttp-3.14.9.jar:na]
	at okhttp3.internal.http.RealInterceptorChain.proceed(RealInterceptorChain.java:117) ~[okhttp-3.14.9.jar:na]
	at okhttp3.internal.http.BridgeInterceptor.intercept(BridgeInterceptor.java:93) ~[okhttp-3.14.9.jar:na]
	at okhttp3.internal.http.RealInterceptorChain.proceed(RealInterceptorChain.java:142) ~[okhttp-3.14.9.jar:na]
	at okhttp3.internal.http.RetryAndFollowUpInterceptor.intercept(RetryAndFollowUpInterceptor.java:88) ~[okhttp-3.14.9.jar:na]
	at okhttp3.internal.http.RealInterceptorChain.proceed(RealInterceptorChain.java:142) ~[okhttp-3.14.9.jar:na]
	at okhttp3.internal.http.RealInterceptorChain.proceed(RealInterceptorChain.java:117) ~[okhttp-3.14.9.jar:na]
	at io.fabric8.kubernetes.client.utils.BackwardsCompatibilityInterceptor.intercept(BackwardsCompatibilityInterceptor.java:119) ~[kubernetes-client-4.6.2.fuse-780004-redhat-00001.jar:na]
	at okhttp3.internal.http.RealInterceptorChain.proceed(RealInterceptorChain.java:142) ~[okhttp-3.14.9.jar:na]
	at okhttp3.internal.http.RealInterceptorChain.proceed(RealInterceptorChain.java:117) ~[okhttp-3.14.9.jar:na]
	at io.fabric8.kubernetes.client.utils.ImpersonatorInterceptor.intercept(ImpersonatorInterceptor.java:68) ~[kubernetes-client-4.6.2.fuse-780004-redhat-00001.jar:na]
	at okhttp3.internal.http.RealInterceptorChain.proceed(RealInterceptorChain.java:142) ~[okhttp-3.14.9.jar:na]
	at okhttp3.internal.http.RealInterceptorChain.proceed(RealInterceptorChain.java:117) ~[okhttp-3.14.9.jar:na]
	at io.fabric8.kubernetes.client.utils.HttpClientUtils.lambda$createHttpClient$3(HttpClientUtils.java:113) ~[kubernetes-client-4.6.2.fuse-780004-redhat-00001.jar:na]
	at okhttp3.internal.http.RealInterceptorChain.proceed(RealInterceptorChain.java:142) ~[okhttp-3.14.9.jar:na]
	at okhttp3.internal.http.RealInterceptorChain.proceed(RealInterceptorChain.java:117) ~[okhttp-3.14.9.jar:na]
	at okhttp3.RealCall.getResponseWithInterceptorChain(RealCall.java:229) ~[okhttp-3.14.9.jar:na]
	at okhttp3.RealCall$AsyncCall.execute(RealCall.java:172) ~[okhttp-3.14.9.jar:na]
	... 4 common frames omitted

2021-11-26 16:10:44.087  INFO 864 --- [           main] o.s.b.a.e.web.EndpointLinksResolver      : Exposing 2 endpoint(s) beneath base path '/actuator'
2021-11-26 16:10:44.260  INFO 864 --- [           main] o.a.c.c.s.CamelHttpTransportServlet      : Initialized CamelHttpTransportServlet[name=CamelServlet, contextPath=]
2021-11-26 16:10:44.264  INFO 864 --- [           main] i.h.w.auth.AuthenticationConfiguration   : Starting hawtio authentication filter, JAAS authentication disabled
2021-11-26 16:10:44.266  INFO 864 --- [           main] io.undertow                              : starting server: Undertow - 2.0.30.SP4-redhat-00001
2021-11-26 16:10:44.272  INFO 864 --- [           main] org.xnio                                 : XNIO version 3.5.9.Final
2021-11-26 16:10:44.278  INFO 864 --- [           main] org.xnio.nio                             : XNIO NIO Implementation Version 3.5.9.Final
2021-11-26 16:10:44.328  INFO 864 --- [           main] o.s.b.w.e.undertow.UndertowWebServer     : Undertow started on port(s) 63260 (http)
2021-11-26 16:10:44.359  INFO 864 --- [           main] o.a.camel.spring.boot.RoutesCollector    : Loading additional Camel XML routes from: classpath:camel/*.xml
2021-11-26 16:10:44.359  INFO 864 --- [           main] o.a.camel.spring.boot.RoutesCollector    : Loading additional Camel XML rests from: classpath:camel-rest/*.xml
2021-11-26 16:10:44.368  INFO 864 --- [           main] o.a.camel.spring.SpringCamelContext      : Apache Camel 2.23.2.fuse-780036-redhat-00001 (CamelContext: camel-1) is starting
2021-11-26 16:10:44.369  INFO 864 --- [           main] o.a.c.m.ManagedManagementStrategy        : JMX is enabled
2021-11-26 16:10:44.515  INFO 864 --- [           main] o.a.c.impl.DefaultStreamCachingStrategy  : StreamCaching in use with spool directory: C:\Users\aandb\AppData\Local\Temp\camel\camel-tmp-ba04b954-4b02-4dd3-852f-4556e82c8cca and rules: [Spool > 128K body size]
2021-11-26 16:10:44.558  INFO 864 --- [           main] o.a.c.c.jackson.JacksonDataFormat        : Found single ObjectMapper in Registry to use: com.fasterxml.jackson.databind.ObjectMapper@b34c7c9
2021-11-26 16:10:44.558  INFO 864 --- [           main] o.a.c.c.jackson.JacksonDataFormat        : Found single ObjectMapper in Registry to use: com.fasterxml.jackson.databind.ObjectMapper@b34c7c9
2021-11-26 16:10:44.559  INFO 864 --- [           main] o.a.camel.spring.SpringCamelContext      : Route: route1 started and consuming from: direct://greetingsImpl
2021-11-26 16:10:44.560  INFO 864 --- [           main] o.a.camel.spring.SpringCamelContext      : Route: greeting-api started and consuming from: servlet:/greetings/?httpMethodRestrict=GET
2021-11-26 16:10:44.560  INFO 864 --- [           main] o.a.camel.spring.SpringCamelContext      : Total 2 routes, of which 2 are started
2021-11-26 16:10:44.561  INFO 864 --- [           main] o.a.camel.spring.SpringCamelContext      : Apache Camel 2.23.2.fuse-780036-redhat-00001 (CamelContext: camel-1) started in 0.192 seconds
2021-11-26 16:10:44.564  INFO 864 --- [           main] c.r.f.b.configmap.HttpRequestTest        : Started HttpRequestTest in 3.47 seconds (JVM running for 4.131)
2021-11-26 16:10:44.819  INFO 864 --- [  XNIO-1 task-1] io.undertow.servlet                      : Initializing Spring DispatcherServlet 'dispatcherServlet'
2021-11-26 16:10:44.819  INFO 864 --- [  XNIO-1 task-1] o.s.web.servlet.DispatcherServlet        : Initializing Servlet 'dispatcherServlet'
2021-11-26 16:10:44.826  INFO 864 --- [  XNIO-1 task-1] o.s.web.servlet.DispatcherServlet        : Completed initialization in 7 ms
]]></system-out>
    <system-err><![CDATA[Exception in thread "OkHttp Dispatcher" java.util.concurrent.RejectedExecutionException: Task java.util.concurrent.ScheduledThreadPoolExecutor$ScheduledFutureTask@755f2128[Not completed, task = java.util.concurrent.Executors$RunnableAdapter@6fce683a[Wrapped task = io.fabric8.kubernetes.client.dsl.internal.WatchConnectionManager$2@4ce254dc]] rejected from java.util.concurrent.ScheduledThreadPoolExecutor@ffcfb90[Terminated, pool size = 0, active threads = 0, queued tasks = 0, completed tasks = 0]
	at java.base/java.util.concurrent.ThreadPoolExecutor$AbortPolicy.rejectedExecution(ThreadPoolExecutor.java:2065)
	at java.base/java.util.concurrent.ThreadPoolExecutor.reject(ThreadPoolExecutor.java:833)
	at java.base/java.util.concurrent.ScheduledThreadPoolExecutor.delayedExecute(ScheduledThreadPoolExecutor.java:340)
	at java.base/java.util.concurrent.ScheduledThreadPoolExecutor.schedule(ScheduledThreadPoolExecutor.java:562)
	at java.base/java.util.concurrent.ScheduledThreadPoolExecutor.submit(ScheduledThreadPoolExecutor.java:715)
	at java.base/java.util.concurrent.Executors$DelegatedExecutorService.submit(Executors.java:748)
	at io.fabric8.kubernetes.client.dsl.internal.WatchConnectionManager.scheduleReconnect(WatchConnectionManager.java:315)
	at io.fabric8.kubernetes.client.dsl.internal.WatchConnectionManager.access$800(WatchConnectionManager.java:50)
	at io.fabric8.kubernetes.client.dsl.internal.WatchConnectionManager$1.onFailure(WatchConnectionManager.java:222)
	at okhttp3.internal.ws.RealWebSocket.failWebSocket(RealWebSocket.java:570)
	at okhttp3.internal.ws.RealWebSocket$1.onFailure(RealWebSocket.java:216)
	at okhttp3.RealCall$AsyncCall.execute(RealCall.java:180)
	at okhttp3.internal.NamedRunnable.run(NamedRunnable.java:32)
	at java.base/java.util.concurrent.ThreadPoolExecutor.runWorker(ThreadPoolExecutor.java:1136)
	at java.base/java.util.concurrent.ThreadPoolExecutor$Worker.run(ThreadPoolExecutor.java:635)
	at java.base/java.lang.Thread.run(Thread.java:833)
]]></system-err>
  </testcase>
  <testcase name="greetingsShouldReturnMessage" classname="com.redhat.fuse.boosters.configmap.HttpRequestTest" time="0.066"/>
</testsuite>